2025-09-03 09:55:07,408 - main - ERROR - [NOT_FOUND] Not Found | CID: d4f4386f711743029485085044a5573e | Path: http://100.64.143.61:8000/favicon.ico | Status: 404 | Detail: Not Found
2025-09-03 11:01:11,360 - main - ERROR - [UNAUTHORIZED] Unauthorized | CID: 1f4f456aafcf48518824d6500caee8dc | Path: http://localhost:8000/render | Status: 401 | Detail: Unauthorized
2025-09-03 11:01:11,373 - main - ERROR - [UNAUTHORIZED] Unauthorized | CID: 32c84492c3f94f97a10367e971766577 | Path: http://localhost:8000/render | Status: 401 | Detail: Unauthorized
2025-09-03 11:01:11,379 - main - ERROR - [UNAUTHORIZED] Unauthorized | CID: e8f7ad57828f4d5f99be75ae0cd42655 | Path: http://localhost:8000/render | Status: 401 | Detail: Unauthorized
2025-09-03 11:01:11,392 - main - ERROR - [UNAUTHORIZED] Unauthorized | CID: 310e76a28e3a40d7a5a00f2187573b97 | Path: http://localhost:8000/render/batch | Status: 401 | Detail: Unauthorized
2025-09-03 11:01:42,990 - main - ERROR - Invalid font specified: gothic, falling back to antique
2025-09-03 11:01:46,823 - main - ERROR - Invalid font specified: mincho, falling back to antique
2025-09-03 11:01:50,707 - main - ERROR - Invalid font specified: gothic, falling back to antique
2025-09-03 11:01:54,409 - main - ERROR - Invalid font specified: mincho, falling back to antique
2025-09-03 11:28:47,850 - main - ERROR - Invalid font specified: gothic, falling back to antique
2025-09-03 11:28:51,655 - main - ERROR - Invalid font specified: mincho, falling back to antique
2025-09-03 11:28:55,580 - main - ERROR - Invalid font specified: gothic, falling back to antique
2025-09-03 11:28:59,383 - main - ERROR - Invalid font specified: mincho, falling back to antique
2025-09-03 11:29:30,257 - main - ERROR - Invalid font specified: gothic, falling back to antique
2025-09-03 11:29:34,034 - main - ERROR - Invalid font specified: mincho, falling back to antique
2025-09-03 11:29:37,854 - main - ERROR - Invalid font specified: gothic, falling back to antique
2025-09-03 11:29:41,624 - main - ERROR - Invalid font specified: mincho, falling back to antique
2025-09-03 11:32:12,940 - main - ERROR - Invalid font specified: gothic, falling back to antique
2025-09-03 11:32:16,647 - main - ERROR - Invalid font specified: mincho, falling back to antique
2025-09-03 11:32:20,333 - main - ERROR - Invalid font specified: gothic, falling back to antique
2025-09-03 11:32:24,204 - main - ERROR - Invalid font specified: mincho, falling back to antique
2025-09-03 11:49:32,321 - main - ERROR - Invalid font specified: mincho, falling back to antique
2025-09-03 13:10:12,077 - main - ERROR - Invalid font specified: gothic, falling back to antique
2025-09-03 13:10:15,964 - main - ERROR - Invalid font specified: mincho, falling back to antique
2025-09-03 13:10:19,837 - main - ERROR - Invalid font specified: gothic, falling back to antique
2025-09-03 13:10:23,430 - main - ERROR - Invalid font specified: mincho, falling back to antique
2025-09-03 14:07:46,354 - main - ERROR - Invalid font specified: gothic, falling back to antique
2025-09-03 14:07:50,217 - main - ERROR - Invalid font specified: mincho, falling back to antique
2025-09-03 14:07:54,188 - main - ERROR - Invalid font specified: gothic, falling back to antique
2025-09-03 14:07:58,023 - main - ERROR - Invalid font specified: mincho, falling back to antique
2025-09-03 14:18:19,069 - main - ERROR - Invalid font specified: gothic, falling back to antique
2025-09-03 14:18:23,009 - main - ERROR - Invalid font specified: mincho, falling back to antique
2025-09-03 14:18:26,858 - main - ERROR - Invalid font specified: gothic, falling back to antique
2025-09-03 14:18:30,633 - main - ERROR - Invalid font specified: mincho, falling back to antique
